2025-12-20 00:29:51 - __main__ - INFO - Starting Crypto Trading Bot
2025-12-20 00:29:51 - __main__ - INFO - Mode: BACKTEST
2025-12-20 00:29:51 - __main__ - INFO - ============================================================
2025-12-20 00:29:51 - __main__ - INFO - BACKTEST MODE
2025-12-20 00:29:51 - __main__ - INFO - ============================================================
2025-12-20 00:29:51 - execution.binance_client - INFO - Initialized Binance client (testnet=False)
2025-12-20 00:29:51 - __main__ - INFO - Loading data for BTCUSDT...
2025-12-20 00:29:51 - data.data_loader - INFO - Loading from data/sample/BTCUSDT_1h.csv
2025-12-20 00:29:51 - __main__ - INFO - Loaded 5 candles for BTCUSDT
2025-12-20 00:29:51 - backtest.engine - INFO - Starting backtest with 1000.0 capital
2025-12-20 00:29:51 - backtest.engine - INFO - Backtest complete. Final equity: 1000.00
2025-12-20 00:31:08 - __main__ - INFO - Starting Crypto Trading Bot
2025-12-20 00:31:08 - __main__ - INFO - Mode: PAPER
2025-12-20 00:31:08 - __main__ - INFO - ============================================================
2025-12-20 00:31:08 - __main__ - INFO - PAPER TRADING MODE
2025-12-20 00:31:08 - __main__ - INFO - ============================================================
2025-12-20 00:31:08 - execution.binance_client - INFO - Initialized Binance client (testnet=True)
2025-12-20 00:31:08 - paper.simulator - INFO - Paper trader initialized
2025-12-20 00:31:08 - paper.simulator - INFO - Paper trading not yet implemented - use backtest mode
2025-12-20 00:31:29 - __main__ - INFO - Starting Crypto Trading Bot
2025-12-20 00:31:29 - __main__ - INFO - Mode: LIVE
2025-12-20 00:31:29 - __main__ - INFO - ============================================================
2025-12-20 00:31:29 - __main__ - INFO - LIVE TRADING MODE
2025-12-20 00:31:29 - __main__ - INFO - ============================================================
2025-12-20 00:31:29 - execution.binance_client - INFO - Initialized Binance client (testnet=False)
2025-12-20 00:31:29 - execution.live_trader - INFO - Live trader initialized
2025-12-20 00:31:29 - execution.live_trader - INFO - Live trading not yet implemented - use backtest mode
2025-12-20 00:34:29 - __main__ - INFO - Starting Crypto Trading Bot
2025-12-20 00:34:29 - __main__ - INFO - Mode: BACKTEST
2025-12-20 00:34:29 - __main__ - INFO - ============================================================
2025-12-20 00:34:29 - __main__ - INFO - BACKTEST MODE
2025-12-20 00:34:29 - __main__ - INFO - ============================================================
2025-12-20 00:34:29 - execution.binance_client - INFO - Initialized Binance client (testnet=False)
2025-12-20 00:34:29 - __main__ - INFO - Loading data for BTCUSDT...
2025-12-20 00:34:29 - data.data_loader - INFO - Loading BTCUSDT 15m from 2024-11-01 to 2024-12-01
2025-12-20 00:34:30 - data.data_loader - INFO - Loaded 2881 candles
2025-12-20 00:34:30 - __main__ - INFO - Loaded 2881 candles for BTCUSDT
2025-12-20 00:34:30 - __main__ - INFO - Loading data for ETHUSDT...
2025-12-20 00:34:30 - data.data_loader - INFO - Loading ETHUSDT 15m from 2024-11-01 to 2024-12-01
2025-12-20 00:34:31 - data.data_loader - INFO - Loaded 2881 candles
2025-12-20 00:34:31 - __main__ - INFO - Loaded 2881 candles for ETHUSDT
2025-12-20 00:34:31 - backtest.engine - INFO - Starting backtest with 1000.0 capital
2025-12-20 00:34:36 - backtest.engine - INFO - Backtest complete. Final equity: 998.71
2025-12-20 00:35:47 - __main__ - INFO - Starting Crypto Trading Bot
2025-12-20 00:35:47 - __main__ - INFO - Mode: BACKTEST
2025-12-20 00:35:47 - __main__ - INFO - ============================================================
2025-12-20 00:35:47 - __main__ - INFO - BACKTEST MODE
2025-12-20 00:35:47 - __main__ - INFO - ============================================================
2025-12-20 00:35:47 - execution.binance_client - INFO - Initialized Binance client (testnet=False)
2025-12-20 00:35:47 - __main__ - INFO - Loading data for BTCUSDT...
2025-12-20 00:35:47 - data.data_loader - INFO - Loading BTCUSDT 15m from 2024-11-01 to 2024-12-01
2025-12-20 00:35:48 - data.data_loader - INFO - Loaded 2881 candles
2025-12-20 00:35:48 - __main__ - INFO - Loaded 2881 candles for BTCUSDT
2025-12-20 00:35:48 - __main__ - INFO - Loading data for ETHUSDT...
2025-12-20 00:35:48 - data.data_loader - INFO - Loading ETHUSDT 15m from 2024-11-01 to 2024-12-01
2025-12-20 00:35:48 - data.data_loader - INFO - Loaded 2881 candles
2025-12-20 00:35:48 - __main__ - INFO - Loaded 2881 candles for ETHUSDT
2025-12-20 00:35:48 - backtest.engine - INFO - Starting backtest with 1000.0 capital
2025-12-20 00:35:54 - backtest.engine - INFO - Backtest complete. Final equity: 998.71
2025-12-20 00:36:09 - __main__ - INFO - Starting Crypto Trading Bot
2025-12-20 00:36:09 - __main__ - INFO - Mode: PAPER
2025-12-20 00:36:09 - __main__ - INFO - ============================================================
2025-12-20 00:36:09 - __main__ - INFO - PAPER TRADING MODE
2025-12-20 00:36:09 - __main__ - INFO - ============================================================
2025-12-20 00:36:09 - execution.binance_client - INFO - Initialized Binance client (testnet=True)
2025-12-20 00:36:09 - paper.simulator - INFO - 🎮 Starting PAPER TRADING with 2 pairs
2025-12-20 00:36:09 - paper.simulator - INFO - 💰 Initial capital: $1000.00
2025-12-20 00:36:09 - paper.simulator - INFO - 📊 Pairs: BTCUSDT, ETHUSDT
2025-12-20 00:36:09 - paper.simulator - INFO - ⏱️  Update interval: 60s
2025-12-20 00:36:09 - paper.simulator - INFO - 🎯 Strategy: EnhancedTrendStrategy
2025-12-20 00:37:32 - paper.simulator - INFO - 
🛑 Paper trading stopped by user
2025-12-20 00:39:01 - __main__ - INFO - Starting Crypto Trading Bot
2025-12-20 00:39:01 - __main__ - INFO - Mode: BACKTEST
2025-12-20 00:39:01 - __main__ - INFO - ============================================================
2025-12-20 00:39:01 - __main__ - INFO - BACKTEST MODE
2025-12-20 00:39:01 - __main__ - INFO - ============================================================
2025-12-20 00:39:01 - execution.binance_client - INFO - Initialized Binance client (testnet=False)
2025-12-20 00:39:01 - __main__ - INFO - Loading data for BTCUSDT...
2025-12-20 00:39:01 - data.data_loader - INFO - Loading BTCUSDT 15m from 2024-11-01 to 2024-12-01
2025-12-20 00:39:02 - data.data_loader - INFO - Loaded 2881 candles
2025-12-20 00:39:02 - __main__ - INFO - Loaded 2881 candles for BTCUSDT
2025-12-20 00:39:02 - __main__ - INFO - Loading data for ETHUSDT...
2025-12-20 00:39:02 - data.data_loader - INFO - Loading ETHUSDT 15m from 2024-11-01 to 2024-12-01
2025-12-20 00:39:02 - data.data_loader - INFO - Loaded 2881 candles
2025-12-20 00:39:02 - __main__ - INFO - Loaded 2881 candles for ETHUSDT
2025-12-20 00:39:02 - backtest.engine - INFO - Starting backtest with 1000.0 capital
2025-12-20 00:39:08 - backtest.engine - INFO - Backtest complete. Final equity: 999.59
2025-12-20 00:39:38 - __main__ - INFO - Starting Crypto Trading Bot
2025-12-20 00:39:38 - __main__ - INFO - Mode: BACKTEST
2025-12-20 00:39:38 - __main__ - INFO - ============================================================
2025-12-20 00:39:38 - __main__ - INFO - BACKTEST MODE
2025-12-20 00:39:38 - __main__ - INFO - ============================================================
2025-12-20 00:39:38 - execution.binance_client - INFO - Initialized Binance client (testnet=False)
2025-12-20 00:39:38 - __main__ - INFO - Loading data for BTCUSDT...
2025-12-20 00:39:38 - data.data_loader - INFO - Loading BTCUSDT 15m from 2024-11-01 to 2024-12-01
2025-12-20 00:39:39 - data.data_loader - INFO - Loaded 2881 candles
2025-12-20 00:39:39 - __main__ - INFO - Loaded 2881 candles for BTCUSDT
2025-12-20 00:39:39 - __main__ - INFO - Loading data for ETHUSDT...
2025-12-20 00:39:39 - data.data_loader - INFO - Loading ETHUSDT 15m from 2024-11-01 to 2024-12-01
2025-12-20 00:39:40 - data.data_loader - INFO - Loaded 2881 candles
2025-12-20 00:39:40 - __main__ - INFO - Loaded 2881 candles for ETHUSDT
2025-12-20 00:39:40 - backtest.engine - INFO - Starting backtest with 1000.0 capital
2025-12-20 00:39:45 - backtest.engine - INFO - Backtest complete. Final equity: 999.75
2025-12-20 00:40:13 - __main__ - INFO - Starting Crypto Trading Bot
2025-12-20 00:40:13 - __main__ - INFO - Mode: BACKTEST
2025-12-20 00:40:13 - __main__ - INFO - ============================================================
2025-12-20 00:40:13 - __main__ - INFO - BACKTEST MODE
2025-12-20 00:40:13 - __main__ - INFO - ============================================================
2025-12-20 00:40:13 - execution.binance_client - INFO - Initialized Binance client (testnet=False)
2025-12-20 00:40:13 - __main__ - INFO - Loading data for BTCUSDT...
2025-12-20 00:40:13 - data.data_loader - INFO - Loading BTCUSDT 15m from 2024-11-01 to 2024-12-01
2025-12-20 00:40:14 - data.data_loader - INFO - Loaded 2881 candles
2025-12-20 00:40:14 - __main__ - INFO - Loaded 2881 candles for BTCUSDT
2025-12-20 00:40:14 - __main__ - INFO - Loading data for ETHUSDT...
2025-12-20 00:40:14 - data.data_loader - INFO - Loading ETHUSDT 15m from 2024-11-01 to 2024-12-01
2025-12-20 00:40:14 - data.data_loader - INFO - Loaded 2881 candles
2025-12-20 00:40:14 - __main__ - INFO - Loaded 2881 candles for ETHUSDT
2025-12-20 00:40:14 - backtest.engine - INFO - Starting backtest with 1000.0 capital
2025-12-20 00:40:20 - backtest.engine - INFO - Backtest complete. Final equity: 999.18
2025-12-20 00:41:27 - __main__ - INFO - Starting Crypto Trading Bot
2025-12-20 00:41:27 - __main__ - INFO - Mode: BACKTEST
2025-12-20 00:41:27 - __main__ - INFO - ============================================================
2025-12-20 00:41:27 - __main__ - INFO - BACKTEST MODE
2025-12-20 00:41:27 - __main__ - INFO - ============================================================
2025-12-20 00:41:27 - execution.binance_client - INFO - Initialized Binance client (testnet=False)
2025-12-20 00:41:27 - __main__ - INFO - Loading data for BTCUSDT...
2025-12-20 00:41:27 - data.data_loader - INFO - Loading BTCUSDT 15m from 2024-10-01 to 2024-11-01
2025-12-20 00:41:28 - data.data_loader - INFO - Loaded 2977 candles
2025-12-20 00:41:28 - __main__ - INFO - Loaded 2977 candles for BTCUSDT
2025-12-20 00:41:28 - backtest.engine - INFO - Starting backtest with 1000.0 capital
2025-12-20 00:41:31 - backtest.engine - INFO - Backtest complete. Final equity: 1000.08
2025-12-20 00:42:39 - __main__ - INFO - Starting Crypto Trading Bot
2025-12-20 00:42:39 - __main__ - INFO - Mode: BACKTEST
2025-12-20 00:42:39 - __main__ - INFO - ============================================================
2025-12-20 00:42:39 - __main__ - INFO - BACKTEST MODE
2025-12-20 00:42:39 - __main__ - INFO - ============================================================
2025-12-20 00:42:39 - execution.binance_client - INFO - Initialized Binance client (testnet=False)
2025-12-20 00:42:39 - __main__ - INFO - Loading data for BTCUSDT...
2025-12-20 00:42:39 - data.data_loader - INFO - Loading BTCUSDT 1h from 2024-10-01 to 2024-12-01
2025-12-20 00:42:39 - data.data_loader - INFO - Loaded 1464 candles
2025-12-20 00:42:39 - __main__ - INFO - Loaded 1464 candles for BTCUSDT
2025-12-20 00:42:39 - backtest.engine - INFO - Starting backtest with 1000.0 capital
2025-12-20 00:42:41 - backtest.engine - INFO - Backtest complete. Final equity: 998.39
2025-12-20 00:45:06 - __main__ - INFO - Starting Crypto Trading Bot
2025-12-20 00:45:06 - __main__ - INFO - Mode: BACKTEST
2025-12-20 00:45:06 - __main__ - INFO - ============================================================
2025-12-20 00:45:06 - __main__ - INFO - BACKTEST MODE
2025-12-20 00:45:06 - __main__ - INFO - ============================================================
2025-12-20 00:45:06 - execution.binance_client - INFO - Initialized Binance client (testnet=False)
2025-12-20 00:45:06 - __main__ - INFO - Loading data for BTCUSDT...
2025-12-20 00:45:06 - data.data_loader - INFO - Loading BTCUSDT 15m from 2024-11-01 to 2024-12-01
2025-12-20 00:45:06 - data.data_loader - INFO - Loaded 2881 candles
2025-12-20 00:45:06 - __main__ - INFO - Loaded 2881 candles for BTCUSDT
2025-12-20 00:45:06 - __main__ - INFO - Loading data for ETHUSDT...
2025-12-20 00:45:06 - data.data_loader - INFO - Loading ETHUSDT 15m from 2024-11-01 to 2024-12-01
2025-12-20 00:45:07 - data.data_loader - INFO - Loaded 2881 candles
2025-12-20 00:45:07 - __main__ - INFO - Loaded 2881 candles for ETHUSDT
2025-12-20 00:45:07 - backtest.engine - INFO - Starting backtest with 1000.0 capital
2025-12-20 00:45:21 - backtest.engine - INFO - Backtest complete. Final equity: 1000.11
2025-12-20 00:45:43 - __main__ - INFO - Starting Crypto Trading Bot
2025-12-20 00:45:43 - __main__ - INFO - Mode: BACKTEST
2025-12-20 00:45:43 - __main__ - INFO - ============================================================
2025-12-20 00:45:43 - __main__ - INFO - BACKTEST MODE
2025-12-20 00:45:43 - __main__ - INFO - ============================================================
2025-12-20 00:45:43 - execution.binance_client - INFO - Initialized Binance client (testnet=False)
2025-12-20 00:45:43 - __main__ - INFO - Loading data for BTCUSDT...
2025-12-20 00:45:43 - data.data_loader - INFO - Loading BTCUSDT 15m from 2024-10-01 to 2024-11-01
2025-12-20 00:45:44 - data.data_loader - INFO - Loaded 2977 candles
2025-12-20 00:45:44 - __main__ - INFO - Loaded 2977 candles for BTCUSDT
2025-12-20 00:45:44 - backtest.engine - INFO - Starting backtest with 1000.0 capital
2025-12-20 00:45:51 - backtest.engine - INFO - Backtest complete. Final equity: 999.67
2025-12-20 00:46:12 - __main__ - INFO - Starting Crypto Trading Bot
2025-12-20 00:46:12 - __main__ - INFO - Mode: BACKTEST
2025-12-20 00:46:12 - __main__ - INFO - ============================================================
2025-12-20 00:46:12 - __main__ - INFO - BACKTEST MODE
2025-12-20 00:46:12 - __main__ - INFO - ============================================================
2025-12-20 00:46:12 - execution.binance_client - INFO - Initialized Binance client (testnet=False)
2025-12-20 00:46:12 - __main__ - INFO - Loading data for BTCUSDT...
2025-12-20 00:46:12 - data.data_loader - INFO - Loading BTCUSDT 15m from 2024-11-01 to 2024-12-01
2025-12-20 00:46:13 - data.data_loader - INFO - Loaded 2881 candles
2025-12-20 00:46:13 - __main__ - INFO - Loaded 2881 candles for BTCUSDT
2025-12-20 00:46:13 - __main__ - INFO - Loading data for ETHUSDT...
2025-12-20 00:46:13 - data.data_loader - INFO - Loading ETHUSDT 15m from 2024-11-01 to 2024-12-01
2025-12-20 00:46:13 - data.data_loader - INFO - Loaded 2881 candles
2025-12-20 00:46:13 - __main__ - INFO - Loaded 2881 candles for ETHUSDT
2025-12-20 00:46:13 - backtest.engine - INFO - Starting backtest with 1000.0 capital
2025-12-20 00:46:27 - backtest.engine - INFO - Backtest complete. Final equity: 1001.46
2025-12-20 00:46:36 - __main__ - INFO - Starting Crypto Trading Bot
2025-12-20 00:46:36 - __main__ - INFO - Mode: BACKTEST
2025-12-20 00:46:36 - __main__ - INFO - ============================================================
2025-12-20 00:46:36 - __main__ - INFO - BACKTEST MODE
2025-12-20 00:46:36 - __main__ - INFO - ============================================================
2025-12-20 00:46:36 - execution.binance_client - INFO - Initialized Binance client (testnet=False)
2025-12-20 00:46:36 - __main__ - INFO - Loading data for BTCUSDT...
2025-12-20 00:46:36 - data.data_loader - INFO - Loading BTCUSDT 15m from 2024-10-01 to 2024-11-01
2025-12-20 00:46:37 - data.data_loader - INFO - Loaded 2977 candles
2025-12-20 00:46:37 - __main__ - INFO - Loaded 2977 candles for BTCUSDT
2025-12-20 00:46:37 - backtest.engine - INFO - Starting backtest with 1000.0 capital
2025-12-20 00:46:44 - backtest.engine - INFO - Backtest complete. Final equity: 998.99
2025-12-20 00:46:59 - __main__ - INFO - Starting Crypto Trading Bot
2025-12-20 00:46:59 - __main__ - INFO - Mode: BACKTEST
2025-12-20 00:46:59 - __main__ - INFO - ============================================================
2025-12-20 00:46:59 - __main__ - INFO - BACKTEST MODE
2025-12-20 00:46:59 - __main__ - INFO - ============================================================
2025-12-20 00:46:59 - execution.binance_client - INFO - Initialized Binance client (testnet=False)
2025-12-20 00:46:59 - __main__ - INFO - Loading data for BTCUSDT...
2025-12-20 00:46:59 - data.data_loader - INFO - Loading BTCUSDT 15m from 2024-10-01 to 2024-11-01
2025-12-20 00:47:00 - data.data_loader - INFO - Loaded 2977 candles
2025-12-20 00:47:00 - __main__ - INFO - Loaded 2977 candles for BTCUSDT
2025-12-20 00:47:00 - backtest.engine - INFO - Starting backtest with 1000.0 capital
2025-12-20 00:47:07 - backtest.engine - INFO - Backtest complete. Final equity: 998.99
2025-12-20 00:47:15 - __main__ - INFO - Starting Crypto Trading Bot
2025-12-20 00:47:15 - __main__ - INFO - Mode: BACKTEST
2025-12-20 00:47:15 - __main__ - INFO - ============================================================
2025-12-20 00:47:15 - __main__ - INFO - BACKTEST MODE
2025-12-20 00:47:15 - __main__ - INFO - ============================================================
2025-12-20 00:47:15 - execution.binance_client - INFO - Initialized Binance client (testnet=False)
2025-12-20 00:47:15 - __main__ - INFO - Loading data for BTCUSDT...
2025-12-20 00:47:15 - data.data_loader - INFO - Loading BTCUSDT 15m from 2024-11-01 to 2024-12-01
2025-12-20 00:47:16 - data.data_loader - INFO - Loaded 2881 candles
2025-12-20 00:47:16 - __main__ - INFO - Loaded 2881 candles for BTCUSDT
2025-12-20 00:47:16 - __main__ - INFO - Loading data for ETHUSDT...
2025-12-20 00:47:16 - data.data_loader - INFO - Loading ETHUSDT 15m from 2024-11-01 to 2024-12-01
2025-12-20 00:47:17 - data.data_loader - INFO - Loaded 2881 candles
2025-12-20 00:47:17 - __main__ - INFO - Loaded 2881 candles for ETHUSDT
2025-12-20 00:47:17 - backtest.engine - INFO - Starting backtest with 1000.0 capital
2025-12-20 00:47:30 - backtest.engine - INFO - Backtest complete. Final equity: 1001.43
2025-12-20 00:52:24 - __main__ - INFO - Starting Crypto Trading Bot
2025-12-20 00:52:24 - __main__ - INFO - Mode: BACKTEST
2025-12-20 00:52:24 - __main__ - INFO - ============================================================
2025-12-20 00:52:24 - __main__ - INFO - BACKTEST MODE
2025-12-20 00:52:24 - __main__ - INFO - ============================================================
2025-12-20 00:52:24 - execution.binance_client - INFO - Initialized Binance client (testnet=False)
2025-12-20 00:52:24 - __main__ - INFO - Loading data for BTCUSDT...
2025-12-20 00:52:24 - data.data_loader - INFO - Loading BTCUSDT 15m from 2024-11-01 to 2024-12-01
2025-12-20 00:52:25 - data.data_loader - INFO - Loaded 2881 candles
2025-12-20 00:52:25 - __main__ - INFO - Loaded 2881 candles for BTCUSDT
2025-12-20 00:52:25 - backtest.engine - INFO - Starting backtest with 1000.0 capital
2025-12-20 00:52:28 - backtest.engine - INFO - Backtest complete. Final equity: 999.57
2025-12-20 00:52:36 - __main__ - INFO - Starting Crypto Trading Bot
2025-12-20 00:52:36 - __main__ - INFO - Mode: BACKTEST
2025-12-20 00:52:36 - __main__ - INFO - ============================================================
2025-12-20 00:52:36 - __main__ - INFO - BACKTEST MODE
2025-12-20 00:52:36 - __main__ - INFO - ============================================================
2025-12-20 00:52:36 - execution.binance_client - INFO - Initialized Binance client (testnet=False)
2025-12-20 00:52:36 - __main__ - INFO - Loading data for BTCUSDT...
2025-12-20 00:52:36 - data.data_loader - INFO - Loading BTCUSDT 15m from 2024-10-01 to 2024-11-01
2025-12-20 00:52:36 - data.data_loader - INFO - Loaded 2977 candles
2025-12-20 00:52:36 - __main__ - INFO - Loaded 2977 candles for BTCUSDT
2025-12-20 00:52:36 - backtest.engine - INFO - Starting backtest with 1000.0 capital
2025-12-20 00:52:39 - backtest.engine - INFO - Backtest complete. Final equity: 963.44
2025-12-20 00:52:49 - __main__ - INFO - Starting Crypto Trading Bot
2025-12-20 00:52:49 - __main__ - INFO - Mode: BACKTEST
2025-12-20 00:52:49 - __main__ - INFO - ============================================================
2025-12-20 00:52:49 - __main__ - INFO - BACKTEST MODE
2025-12-20 00:52:49 - __main__ - INFO - ============================================================
2025-12-20 00:52:49 - execution.binance_client - INFO - Initialized Binance client (testnet=False)
2025-12-20 00:52:49 - __main__ - INFO - Loading data for BTCUSDT...
2025-12-20 00:52:49 - data.data_loader - INFO - Loading BTCUSDT 15m from 2024-11-01 to 2024-12-01
2025-12-20 00:52:50 - data.data_loader - INFO - Loaded 2881 candles
2025-12-20 00:52:50 - __main__ - INFO - Loaded 2881 candles for BTCUSDT
2025-12-20 00:52:50 - backtest.engine - INFO - Starting backtest with 1000.0 capital
2025-12-20 00:52:52 - backtest.engine - INFO - Backtest complete. Final equity: 962.60
2025-12-20 00:53:00 - __main__ - INFO - Starting Crypto Trading Bot
2025-12-20 00:53:00 - __main__ - INFO - Mode: BACKTEST
2025-12-20 00:53:00 - __main__ - INFO - ============================================================
2025-12-20 00:53:00 - __main__ - INFO - BACKTEST MODE
2025-12-20 00:53:00 - __main__ - INFO - ============================================================
2025-12-20 00:53:00 - execution.binance_client - INFO - Initialized Binance client (testnet=False)
2025-12-20 00:53:00 - __main__ - INFO - Loading data for BTCUSDT...
2025-12-20 00:53:00 - data.data_loader - INFO - Loading BTCUSDT 15m from 2024-10-01 to 2024-11-01
2025-12-20 00:53:01 - data.data_loader - INFO - Loaded 2977 candles
2025-12-20 00:53:01 - __main__ - INFO - Loaded 2977 candles for BTCUSDT
2025-12-20 00:53:01 - backtest.engine - INFO - Starting backtest with 1000.0 capital
2025-12-20 00:53:03 - backtest.engine - INFO - Backtest complete. Final equity: 993.00
2025-12-20 00:56:33 - __main__ - INFO - Starting Crypto Trading Bot
2025-12-20 00:56:33 - __main__ - INFO - Mode: BACKTEST
2025-12-20 00:56:33 - __main__ - INFO - ============================================================
2025-12-20 00:56:33 - __main__ - INFO - BACKTEST MODE
2025-12-20 00:56:33 - __main__ - INFO - ============================================================
2025-12-20 00:56:33 - execution.binance_client - INFO - Initialized Binance client (testnet=False)
2025-12-20 00:56:33 - __main__ - INFO - Loading data for BTCUSDT...
2025-12-20 00:56:33 - data.data_loader - INFO - Loading BTCUSDT 1h from 2024-11-01 to 2024-12-01
2025-12-20 00:56:33 - data.data_loader - INFO - Loaded 720 candles
2025-12-20 00:56:33 - __main__ - INFO - Loaded 720 candles for BTCUSDT
2025-12-20 00:56:33 - backtest.engine - INFO - Starting backtest with 1000.0 capital
2025-12-20 00:56:35 - backtest.engine - INFO - Backtest complete. Final equity: 999.16
2025-12-20 00:56:42 - __main__ - INFO - Starting Crypto Trading Bot
2025-12-20 00:56:42 - __main__ - INFO - Mode: BACKTEST
2025-12-20 00:56:42 - __main__ - INFO - ============================================================
2025-12-20 00:56:42 - __main__ - INFO - BACKTEST MODE
2025-12-20 00:56:42 - __main__ - INFO - ============================================================
2025-12-20 00:56:42 - execution.binance_client - INFO - Initialized Binance client (testnet=False)
2025-12-20 00:56:42 - __main__ - INFO - Loading data for BTCUSDT...
2025-12-20 00:56:42 - data.data_loader - INFO - Loading BTCUSDT 4h from 2024-11-01 to 2024-12-01
2025-12-20 00:56:43 - data.data_loader - INFO - Loaded 180 candles
2025-12-20 00:56:43 - __main__ - INFO - Loaded 180 candles for BTCUSDT
2025-12-20 00:56:43 - backtest.engine - INFO - Starting backtest with 1000.0 capital
2025-12-20 00:56:43 - backtest.engine - INFO - Backtest complete. Final equity: 1000.00
2025-12-20 00:56:50 - __main__ - INFO - Starting Crypto Trading Bot
2025-12-20 00:56:50 - __main__ - INFO - Mode: BACKTEST
2025-12-20 00:56:50 - __main__ - INFO - ============================================================
2025-12-20 00:56:50 - __main__ - INFO - BACKTEST MODE
2025-12-20 00:56:50 - __main__ - INFO - ============================================================
2025-12-20 00:56:50 - execution.binance_client - INFO - Initialized Binance client (testnet=False)
2025-12-20 00:56:50 - __main__ - INFO - Loading data for BTCUSDT...
2025-12-20 00:56:50 - data.data_loader - INFO - Loading BTCUSDT 1h from 2024-10-01 to 2024-11-01
2025-12-20 00:56:51 - data.data_loader - INFO - Loaded 744 candles
2025-12-20 00:56:51 - __main__ - INFO - Loaded 744 candles for BTCUSDT
2025-12-20 00:56:51 - backtest.engine - INFO - Starting backtest with 1000.0 capital
2025-12-20 00:56:52 - backtest.engine - INFO - Backtest complete. Final equity: 998.96
2025-12-20 00:58:09 - __main__ - INFO - Starting Crypto Trading Bot
2025-12-20 00:58:09 - __main__ - INFO - Mode: BACKTEST
2025-12-20 00:58:09 - __main__ - INFO - ============================================================
2025-12-20 00:58:09 - __main__ - INFO - BACKTEST MODE
2025-12-20 00:58:09 - __main__ - INFO - ============================================================
2025-12-20 00:58:09 - execution.binance_client - INFO - Initialized Binance client (testnet=False)
2025-12-20 00:58:09 - __main__ - INFO - Loading data for BTCUSDT...
2025-12-20 00:58:09 - data.data_loader - INFO - Loading BTCUSDT 15m from 2024-01-01 to 2024-12-01
2025-12-20 00:58:18 - data.data_loader - INFO - Loaded 32161 candles
2025-12-20 00:58:18 - __main__ - INFO - Loaded 32161 candles for BTCUSDT
2025-12-20 00:58:18 - backtest.engine - INFO - Starting backtest with 1000.0 capital
2025-12-20 01:00:05 - __main__ - INFO - Stopped by user
2025-12-20 01:00:22 - __main__ - INFO - Starting Crypto Trading Bot
2025-12-20 01:00:22 - __main__ - INFO - Mode: BACKTEST
2025-12-20 01:00:22 - __main__ - INFO - ============================================================
2025-12-20 01:00:22 - __main__ - INFO - BACKTEST MODE
2025-12-20 01:00:22 - __main__ - INFO - ============================================================
2025-12-20 01:00:22 - execution.binance_client - INFO - Initialized Binance client (testnet=False)
2025-12-20 01:00:22 - __main__ - INFO - Loading data for BTCUSDT...
2025-12-20 01:00:22 - data.data_loader - INFO - Loading BTCUSDT 15m from 2024-01-01 to 2024-03-01
2025-12-20 01:00:23 - data.data_loader - INFO - Loaded 5761 candles
2025-12-20 01:00:23 - __main__ - INFO - Loaded 5761 candles for BTCUSDT
2025-12-20 01:00:23 - backtest.engine - INFO - Starting backtest with 1000.0 capital
2025-12-20 01:00:39 - backtest.engine - INFO - Backtest complete. Final equity: 998.32
2025-12-20 01:00:45 - __main__ - INFO - Starting Crypto Trading Bot
2025-12-20 01:00:45 - __main__ - INFO - Mode: BACKTEST
2025-12-20 01:00:45 - __main__ - INFO - ============================================================
2025-12-20 01:00:45 - __main__ - INFO - BACKTEST MODE
2025-12-20 01:00:45 - __main__ - INFO - ============================================================
2025-12-20 01:00:45 - execution.binance_client - INFO - Initialized Binance client (testnet=False)
2025-12-20 01:00:45 - __main__ - INFO - Loading data for BTCUSDT...
2025-12-20 01:00:45 - data.data_loader - INFO - Loading BTCUSDT 15m from 2024-01-01 to 2024-04-01
2025-12-20 01:00:47 - data.data_loader - INFO - Loaded 8737 candles
2025-12-20 01:00:47 - __main__ - INFO - Loaded 8737 candles for BTCUSDT
2025-12-20 01:00:47 - backtest.engine - INFO - Starting backtest with 1000.0 capital
2025-12-20 01:01:15 - backtest.engine - INFO - Backtest complete. Final equity: 999.49
2025-12-20 01:01:45 - __main__ - INFO - Starting Crypto Trading Bot
2025-12-20 01:01:45 - __main__ - INFO - Mode: BACKTEST
2025-12-20 01:01:45 - __main__ - INFO - ============================================================
2025-12-20 01:01:45 - __main__ - INFO - BACKTEST MODE
2025-12-20 01:01:45 - __main__ - INFO - ============================================================
2025-12-20 01:01:45 - execution.binance_client - INFO - Initialized Binance client (testnet=False)
2025-12-20 01:01:45 - __main__ - INFO - Loading data for BTCUSDT...
2025-12-20 01:01:45 - data.data_loader - INFO - Loading BTCUSDT 15m from 2024-07-01 to 2024-10-01
2025-12-20 01:01:47 - data.data_loader - INFO - Loaded 8833 candles
2025-12-20 01:01:47 - __main__ - INFO - Loaded 8833 candles for BTCUSDT
2025-12-20 01:01:47 - backtest.engine - INFO - Starting backtest with 1000.0 capital
2025-12-20 01:02:16 - backtest.engine - INFO - Backtest complete. Final equity: 998.78
